<?xml version="1.0" encoding="UTF-8"?>
<testng-results skipped="0" failed="0" ignored="0" total="2" passed="2">
  <reporter-output>
  </reporter-output>
  <suite name="Default suite" duration-ms="18000" started-at="2018-05-23T15:44:26Z" finished-at="2018-05-23T15:44:44Z">
    <groups>
    </groups>
    <test name="Default test" duration-ms="18000" started-at="2018-05-23T15:44:26Z" finished-at="2018-05-23T15:44:44Z">
      <class name="Validation.DataProviderTest">
        <test-method status="PASS" signature="test(java.lang.String, java.lang.String)[pri:0, instance:Validation.DataProviderTest@46d56d67]" name="test" duration-ms="9067" started-at="2018-05-23T15:44:26Z" data-provider="Authentication" finished-at="2018-05-23T15:44:35Z">
          <params>
            <param index="0">
              <value>
                <![CDATA[testuser_1]]>
              </value>
            </param>
            <param index="1">
              <value>
                <![CDATA[Test@123]]>
              </value>
            </param>
          </params>
          <reporter-output>
          </reporter-output>
        </test-method> <!-- test -->
        <test-method status="PASS" signature="test(java.lang.String, java.lang.String)[pri:0, instance:Validation.DataProviderTest@46d56d67]" name="test" duration-ms="8915" started-at="2018-05-23T15:44:35Z" data-provider="Authentication" finished-at="2018-05-23T15:44:44Z">
          <params>
            <param index="0">
              <value>
                <![CDATA[testuser_1]]>
              </value>
            </param>
            <param index="1">
              <value>
                <![CDATA[Test@123]]>
              </value>
            </param>
          </params>
          <reporter-output>
          </reporter-output>
        </test-method> <!-- test -->
      </class> <!-- Validation.DataProviderTest -->
    </test> <!-- Default test -->
  </suite> <!-- Default suite -->
</testng-results>
